TN:
SF:src/createLayers.js
FN:1,(empty-report)
FNF:1
FNH:0
FNDA:0,(empty-report)
DA:1,0
DA:2,0
DA:3,0
DA:4,0
DA:5,0
DA:6,0
DA:7,0
DA:8,0
DA:9,0
LF:9
LH:0
BRDA:1,0,0,0
BRF:1
BRH:0
end_of_record
TN:
SF:src/util.js
FN:2,#transform
FN:10,upperCaseFirstLetter
FN:14,lowerCaseFirstLetter
FNF:3
FNH:3
FNDA:12,#transform
FNDA:7,upperCaseFirstLetter
FNDA:5,lowerCaseFirstLetter
DA:1,1
DA:2,1
DA:3,12
DA:4,10
DA:5,12
DA:6,12
DA:7,12
DA:8,12
DA:9,1
DA:10,1
DA:11,7
DA:12,7
DA:13,1
DA:14,1
DA:15,5
DA:16,5
DA:17,1
LF:17
LH:17
BRDA:2,0,0,12
BRDA:3,1,0,10
BRDA:3,2,0,2
BRDA:5,3,0,6
BRDA:5,4,0,4
BRDA:10,5,0,7
BRDA:14,6,0,5
BRF:7
BRH:7
end_of_record
TN:
SF:src/templates/factoryTemplate.js
FN:25,factoryTemplate
FNF:1
FNH:1
FNDA:1,factoryTemplate
DA:1,1
DA:2,1
DA:3,1
DA:4,1
DA:5,1
DA:6,1
DA:7,1
DA:8,1
DA:9,1
DA:10,1
DA:11,1
DA:12,1
DA:13,1
DA:14,1
DA:15,1
DA:16,1
DA:17,1
DA:18,1
DA:19,1
DA:20,1
DA:21,1
DA:22,1
DA:23,1
DA:24,1
DA:25,1
DA:26,1
DA:27,1
DA:28,1
DA:29,1
DA:30,1
DA:31,1
DA:32,1
DA:33,1
DA:34,1
DA:35,1
DA:36,1
DA:37,1
LF:37
LH:37
BRDA:25,0,0,1
BRF:1
BRH:1
end_of_record
TN:
SF:src/templates/index.js
FNF:0
FNH:0
DA:1,1
DA:2,1
DA:3,1
DA:4,1
DA:5,1
DA:6,1
DA:7,1
DA:8,1
DA:9,1
LF:9
LH:9
BRF:0
BRH:0
end_of_record
TN:
SF:src/templates/repositoryTemplate.js
FN:26,repositoryTemplate
FNF:1
FNH:1
FNDA:1,repositoryTemplate
DA:1,1
DA:2,1
DA:3,1
DA:4,1
DA:5,1
DA:6,1
DA:7,1
DA:8,1
DA:9,1
DA:10,1
DA:11,1
DA:12,1
DA:13,1
DA:14,1
DA:15,1
DA:16,1
DA:17,1
DA:18,1
DA:19,1
DA:20,1
DA:21,1
DA:22,1
DA:23,1
DA:24,1
DA:25,1
DA:26,1
DA:27,1
DA:28,1
DA:29,1
DA:30,1
DA:31,1
LF:31
LH:31
BRDA:26,0,0,1
BRF:1
BRH:1
end_of_record
TN:
SF:src/templates/serviceTemplate.js
FN:30,serviceTemplate
FNF:1
FNH:1
FNDA:1,serviceTemplate
DA:1,1
DA:2,1
DA:3,1
DA:4,1
DA:5,1
DA:6,1
DA:7,1
DA:8,1
DA:9,1
DA:10,1
DA:11,1
DA:12,1
DA:13,1
DA:14,1
DA:15,1
DA:16,1
DA:17,1
DA:18,1
DA:19,1
DA:20,1
DA:21,1
DA:22,1
DA:23,1
DA:24,1
DA:25,1
DA:26,1
DA:27,1
DA:28,1
DA:29,1
DA:30,1
DA:31,1
DA:32,1
DA:33,1
DA:34,1
DA:35,1
DA:36,1
DA:37,1
DA:38,1
DA:39,1
DA:40,1
DA:41,1
LF:41
LH:41
BRDA:30,0,0,1
BRF:1
BRH:1
end_of_record
