TN:
SF:src/createFiles.js
FN:5,defaultDependencies
FN:20,executeWrites
FN:27,createFiles
FNF:3
FNH:3
FNDA:6,defaultDependencies
FNDA:3,executeWrites
FNDA:4,createFiles
DA:1,1
DA:2,1
DA:3,1
DA:4,1
DA:5,6
DA:6,6
DA:7,6
DA:8,6
DA:9,6
DA:10,6
DA:11,6
DA:12,6
DA:13,6
DA:14,6
DA:15,6
DA:16,6
DA:17,6
DA:18,6
DA:19,1
DA:20,3
DA:21,3
DA:22,3
DA:23,3
DA:24,3
DA:25,3
DA:26,1
DA:27,1
DA:28,4
DA:29,4
DA:30,4
DA:31,4
DA:32,4
DA:33,7
DA:34,7
DA:35,7
DA:36,1
DA:37,1
DA:38,6
DA:39,6
DA:40,6
DA:41,6
DA:42,6
DA:43,6
DA:44,6
DA:45,6
DA:46,6
DA:47,6
DA:48,3
DA:49,3
DA:50,3
DA:51,3
DA:52,3
LF:52
LH:52
BRDA:5,0,0,6
BRDA:20,1,0,3
BRDA:23,2,0,6
BRDA:27,3,0,4
BRDA:32,4,0,7
BRDA:35,5,0,1
BRDA:37,6,0,6
BRDA:47,7,0,3
BRDA:33,8,0,13
BRF:9
BRH:9
end_of_record
TN:
SF:src/createLayers.js
FN:3,createLayersIfNotExists
FNF:1
FNH:1
FNDA:3,createLayersIfNotExists
DA:1,1
DA:2,1
DA:3,1
DA:4,3
DA:5,3
DA:6,3
DA:7,3
DA:8,3
DA:9,3
LF:9
LH:9
BRDA:3,0,0,3
BRDA:5,1,0,9
BRDA:6,2,0,3
BRF:3
BRH:3
end_of_record
TN:
SF:src/util.js
FN:2,#transform
FN:10,upperCaseFirstLetter
FN:14,lowerCaseFirstLetter
FNF:3
FNH:3
FNDA:26,#transform
FNDA:10,upperCaseFirstLetter
FNDA:16,lowerCaseFirstLetter
DA:1,1
DA:2,1
DA:3,26
DA:4,21
DA:5,26
DA:6,26
DA:7,26
DA:8,26
DA:9,1
DA:10,1
DA:11,10
DA:12,10
DA:13,1
DA:14,1
DA:15,16
DA:16,16
DA:17,1
LF:17
LH:17
BRDA:2,0,0,26
BRDA:3,1,0,24
BRDA:3,2,0,5
BRDA:3,3,0,21
BRDA:5,4,0,9
BRDA:5,5,0,12
BRDA:10,6,0,10
BRDA:14,7,0,16
BRF:8
BRH:8
end_of_record
TN:
SF:src/templates/factoryTemplate.js
FN:25,factoryTemplate
FNF:1
FNH:1
FNDA:1,factoryTemplate
DA:1,1
DA:2,1
DA:3,1
DA:4,1
DA:5,1
DA:6,1
DA:7,1
DA:8,1
DA:9,1
DA:10,1
DA:11,1
DA:12,1
DA:13,1
DA:14,1
DA:15,1
DA:16,1
DA:17,1
DA:18,1
DA:19,1
DA:20,1
DA:21,1
DA:22,1
DA:23,1
DA:24,1
DA:25,1
DA:26,1
DA:27,1
DA:28,1
DA:29,1
DA:30,1
DA:31,1
DA:32,1
DA:33,1
DA:34,1
DA:35,1
DA:36,1
DA:37,1
LF:37
LH:37
BRDA:25,0,0,1
BRF:1
BRH:1
end_of_record
TN:
SF:src/templates/index.js
FNF:0
FNH:0
DA:1,1
DA:2,1
DA:3,1
DA:4,1
DA:5,1
DA:6,1
DA:7,1
DA:8,1
DA:9,1
LF:9
LH:9
BRF:0
BRH:0
end_of_record
TN:
SF:src/templates/repositoryTemplate.js
FN:26,repositoryTemplate
FNF:1
FNH:1
FNDA:3,repositoryTemplate
DA:1,1
DA:2,1
DA:3,1
DA:4,1
DA:5,1
DA:6,1
DA:7,1
DA:8,1
DA:9,1
DA:10,1
DA:11,1
DA:12,1
DA:13,1
DA:14,1
DA:15,1
DA:16,1
DA:17,1
DA:18,1
DA:19,1
DA:20,1
DA:21,1
DA:22,1
DA:23,1
DA:24,1
DA:25,1
DA:26,1
DA:27,3
DA:28,3
DA:29,3
DA:30,3
DA:31,3
LF:31
LH:31
BRDA:26,0,0,3
BRF:1
BRH:1
end_of_record
TN:
SF:src/templates/serviceTemplate.js
FN:30,serviceTemplate
FNF:1
FNH:1
FNDA:2,serviceTemplate
DA:1,1
DA:2,1
DA:3,1
DA:4,1
DA:5,1
DA:6,1
DA:7,1
DA:8,1
DA:9,1
DA:10,1
DA:11,1
DA:12,1
DA:13,1
DA:14,1
DA:15,1
DA:16,1
DA:17,1
DA:18,1
DA:19,1
DA:20,1
DA:21,1
DA:22,1
DA:23,1
DA:24,1
DA:25,1
DA:26,1
DA:27,1
DA:28,1
DA:29,1
DA:30,1
DA:31,2
DA:32,2
DA:33,2
DA:34,2
DA:35,2
DA:36,2
DA:37,2
DA:38,2
DA:39,2
DA:40,2
DA:41,2
LF:41
LH:41
BRDA:30,0,0,2
BRF:1
BRH:1
end_of_record
